<?xml version="1.0" encoding="UTF-8"?>
<testng-results skipped="0" failed="0" total="2" passed="2">
  <reporter-output>
  </reporter-output>
  <suite name="Default suite" duration-ms="30318" started-at="2016-08-13T12:52:31Z" finished-at="2016-08-13T12:53:02Z">
    <groups>
    </groups>
    <test name="Default test" duration-ms="30318" started-at="2016-08-13T12:52:31Z" finished-at="2016-08-13T12:53:02Z">
      <class name="jenkinpackage.Test1">
        <test-method status="PASS" signature="TestA()[pri:0, instance:jenkinpackage.Test1@16267862]" name="TestA" duration-ms="15919" started-at="2016-08-13T18:22:31Z" finished-at="2016-08-13T18:22:47Z">
          <reporter-output>
          </reporter-output>
        </test-method> <!-- TestA -->
        <test-method status="PASS" signature="TestB()[pri:0, instance:jenkinpackage.Test1@16267862]" name="TestB" duration-ms="14364" started-at="2016-08-13T18:22:47Z" finished-at="2016-08-13T18:23:02Z">
          <reporter-output>
          </reporter-output>
        </test-method> <!-- TestB -->
      </class> <!-- jenkinpackage.Test1 -->
    </test> <!-- Default test -->
  </suite> <!-- Default suite -->
</testng-results>
