<?xml version="1.0" encoding="UTF-8"?>
<testng-results skipped="0" failed="0" total="1" passed="1">
  <reporter-output>
  </reporter-output>
  <suite name="Suite" duration-ms="17263" started-at="2016-08-06T09:54:16Z" finished-at="2016-08-06T09:54:33Z">
    <groups>
    </groups>
    <test name="Test" duration-ms="17263" started-at="2016-08-06T09:54:16Z" finished-at="2016-08-06T09:54:33Z">
      <class name="jenkinpackage.Test1">
        <test-method status="PASS" signature="TestA()[pri:0, instance:jenkinpackage.Test1@18be83e4]" name="TestA" duration-ms="17218" started-at="2016-08-06T15:24:16Z" finished-at="2016-08-06T15:24:33Z">
          <reporter-output>
          </reporter-output>
        </test-method> <!-- TestA -->
      </class> <!-- jenkinpackage.Test1 -->
    </test> <!-- Test -->
  </suite> <!-- Suite -->
</testng-results>
